[2023-02-28 01:33:57] [1] [WARN] Reporting disabled: using no op test run registrar
[2023-02-28 01:33:57] [1] [INFO] TEST [project-carina - testCreatePostsMissingSomeFields] STARTED at [10:33:57 2023-02-28]
[2023-02-28 01:33:57] [1] [INFO] Base properties loaded: api/posts/posts.properties
[2023-02-28 01:34:01] [1] [INFO] Request method:	POST
Request URI:	https://jsonplaceholder.typicode.com/posts
Request params:	<none>
Query params:	<none>
Form params:	<none>
Path params:	<none>
Multiparts:		<none>
Cookies:		<none>
Headers:		Accept=*/*
				Content-Type=application/json
Body:
[
    {
        "userId": 1,
        "id": 1,
        
    }
]
HTTP/1.1 500 Internal Server Error
Date: Tue, 28 Feb 2023 13:34:01 GMT
Content-Type: text/html; charset=utf-8
Transfer-Encoding: chunked
Connection: keep-alive
X-Powered-By: Express
X-Ratelimit-Limit: 1000
X-Ratelimit-Remaining: 999
X-Ratelimit-Reset: 1677591286
Vary: Origin, X-HTTP-Method-Override, Accept-Encoding
Access-Control-Allow-Credentials: true
Cache-Control: no-cache
Pragma: no-cache
Expires: -1
Via: 1.1 vegur
CF-Cache-Status: DYNAMIC
Server-Timing: cf-q-config;dur=7.0000000391701e-06
Report-To: {"endpoints":[{"url":"https:\/\/a.nel.cloudflare.com\/report\/v3?s=7wI5aO1nolPyjJG3HyEAbl2lLp3MfzLXms3oFlZ5UuFFvgJqcFu%2Fjbe%2BsxfUyLJkeU%2BcQGtjifvLXm6i7EGvomWW7ycuEy%2FxF1jPKep8q51yRK048A3NeiKg%2BgZQpZ5ZnRGpPRnuVynoru87g3t9"}],"group":"cf-nel","max_age":604800}
NEL: {"success_fraction":0,"report_to":"cf-nel","max_age":604800}
Server: cloudflare
CF-RAY: 7a0989082cc0c823-EZE
alt-svc: h3=":443"; ma=86400, h3-29=":443"; ma=86400

<html>
  <body>
SyntaxError: Unexpected token } in JSON at position 49
    at JSON.parse (    <anonymous>)
    at parse (/app/node_modules/body-parser/lib/types/json.js:89:19)
    at /app/node_modules/body-parser/lib/read.js:121:18
    at invokeCallback (/app/node_modules/body-parser/node_modules/raw-body/index.js:224:16)
    at done (/app/node_modules/body-parser/node_modules/raw-body/index.js:213:7)
    at IncomingMessage.onEnd (/app/node_modules/body-parser/node_modules/raw-body/index.js:273:7)
    at IncomingMessage.emit (node:events:525:35)
    at endReadableNT (node:internal/streams/readable:1358:12)
    at processTicksAndRejections (node:internal/process/task_queues:83:21)</anonymous>
  </body>
</html>

[2023-02-28 01:34:01] [1] [ERROR] TEST [project-carina - testCreatePostsMissingSomeFields] FAILED at [10:34:01 2023-02-28] - 2 expectations failed.
Expected status code <201> but was <500>.

Expected status line a string containing "Created" doesn't match actual status line "HTTP/1.1 500 Internal Server Error".


java.base/jdk.internal.reflect.DirectConstructorHandleAccessor.newInstance(DirectConstructorHandleAccessor.java:67)
java.base/java.lang.reflect.Constructor.newInstanceWithCaller(Constructor.java:500)
java.base/java.lang.reflect.Constructor.newInstance(Constructor.java:484)
org.codehaus.groovy.reflection.CachedConstructor.invoke(CachedConstructor.java:72)
org.codehaus.groovy.runtime.callsite.ConstructorSite$ConstructorSiteNoUnwrapNoCoerce.callConstructor(ConstructorSite.java:105)
org.codehaus.groovy.runtime.callsite.CallSiteArray.defaultCallConstructor(CallSiteArray.java:59)
org.codehaus.groovy.runtime.callsite.AbstractCallSite.callConstructor(AbstractCallSite.java:263)
org.codehaus.groovy.runtime.callsite.AbstractCallSite.callConstructor(AbstractCallSite.java:277)
io.restassured.internal.ResponseSpecificationImpl$HamcrestAssertionClosure.validate(ResponseSpecificationImpl.groovy:493)
io.restassured.internal.ResponseSpecificationImpl$HamcrestAssertionClosure$validate$1.call(Unknown Source)
org.codehaus.groovy.runtime.callsite.CallSiteArray.defaultCall(CallSiteArray.java:47)
org.codehaus.groovy.runtime.callsite.AbstractCallSite.call(AbstractCallSite.java:125)
org.codehaus.groovy.runtime.callsite.AbstractCallSite.call(AbstractCallSite.java:139)
io.restassured.internal.RequestSpecificationImpl.applyPathParamsAndSendRequest(RequestSpecificationImpl.groovy:1673)
java.base/jdk.internal.reflect.DirectMethodHandleAccessor.invoke(DirectMethodHandleAccessor.java:104)
java.base/java.lang.reflect.Method.invoke(Method.java:578)
org.codehaus.groovy.reflection.CachedMethod.invoke(CachedMethod.java:107)
groovy.lang.MetaMethod.doMethodInvoke(MetaMethod.java:323)
groovy.lang.MetaClassImpl.invokeMethod(MetaClassImpl.java:1268)
groovy.lang.MetaClassImpl.invokeMethod(MetaClassImpl.java:1035)
groovy.lang.MetaClassImpl.invokeMethod(MetaClassImpl.java:819)
groovy.lang.GroovyObject.invokeMethod(GroovyObject.java:39)
org.codehaus.groovy.runtime.callsite.PogoInterceptableSite.call(PogoInterceptableSite.java:45)
org.codehaus.groovy.runtime.callsite.PogoInterceptableSite.callCurrent(PogoInterceptableSite.java:55)
org.codehaus.groovy.runtime.callsite.CallSiteArray.defaultCallCurrent(CallSiteArray.java:51)
org.codehaus.groovy.runtime.callsite.AbstractCallSite.callCurrent(AbstractCallSite.java:171)
org.codehaus.groovy.runtime.callsite.AbstractCallSite.callCurrent(AbstractCallSite.java:203)
io.restassured.internal.RequestSpecificationImpl.applyPathParamsAndSendRequest(RequestSpecificationImpl.groovy:1678)
java.base/jdk.internal.reflect.DirectMethodHandleAccessor.invoke(DirectMethodHandleAccessor.java:104)
java.base/java.lang.reflect.Method.invoke(Method.java:578)
org.codehaus.groovy.reflection.CachedMethod.invoke(CachedMethod.java:107)
groovy.lang.MetaMethod.doMethodInvoke(MetaMethod.java:323)
groovy.lang.MetaClassImpl.invokeMethod(MetaClassImpl.java:1268)
groovy.lang.MetaClassImpl.invokeMethod(MetaClassImpl.java:1035)
groovy.lang.MetaClassImpl.invokeMethod(MetaClassImpl.java:819)
groovy.lang.GroovyObject.invokeMethod(GroovyObject.java:39)
org.codehaus.groovy.runtime.callsite.PogoInterceptableSite.call(PogoInterceptableSite.java:45)
org.codehaus.groovy.runtime.callsite.PogoInterceptableSite.callCurrent(PogoInterceptableSite.java:55)
org.codehaus.groovy.runtime.callsite.CallSiteArray.defaultCallCurrent(CallSiteArray.java:51)
org.codehaus.groovy.runtime.callsite.AbstractCallSite.callCurrent(AbstractCallSite.java:171)
org.codehaus.groovy.runtime.callsite.AbstractCallSite.callCurrent(AbstractCallSite.java:203)
io.restassured.internal.RequestSpecificationImpl.post(RequestSpecificationImpl.groovy:177)
io.restassured.internal.RequestSpecificationImpl.post(RequestSpecificationImpl.groovy)
com.qaprosoft.carina.core.foundation.api.http.HttpClient.send(HttpClient.java:43)
com.qaprosoft.carina.core.foundation.api.AbstractApiMethod.callAPI(AbstractApiMethod.java:295)
com.qaprosoft.carina.core.foundation.api.AbstractApiMethodV2.callAPI(AbstractApiMethodV2.java:189)
com.qaprosoft.carina.core.foundation.api.AbstractApiMethod.callAPI(AbstractApiMethod.java:273)
com.qaprosoft.carina.core.foundation.api.AbstractApiMethodV2.callAPI(AbstractApiMethodV2.java:181)
com.qaprosoft.carina.core.foundation.api.AbstractApiMethodV2.callAPIExpectSuccess(AbstractApiMethodV2.java:215)
com.solvd.carina.demo.SolvdTaskTest.testCreatePostsMissingSomeFields(SolvdTaskTest.java:86)
java.base/jdk.internal.reflect.DirectMethodHandleAccessor.invoke(DirectMethodHandleAccessor.java:104)
java.base/java.lang.reflect.Method.invoke(Method.java:578)
org.testng.internal.invokers.MethodInvocationHelper.invokeMethod(MethodInvocationHelper.java:139)
org.testng.internal.invokers.TestInvoker.invokeMethod(TestInvoker.java:677)
org.testng.internal.invokers.TestInvoker.invokeTestMethod(TestInvoker.java:221)
org.testng.internal.invokers.MethodRunner.runInSequence(MethodRunner.java:50)
org.testng.internal.invokers.TestInvoker$MethodInvocationAgent.invoke(TestInvoker.java:969)
org.testng.internal.invokers.TestInvoker.invokeTestMethods(TestInvoker.java:194)
org.testng.internal.invokers.TestMethodWorker.invokeTestMethods(TestMethodWorker.java:148)
org.testng.internal.invokers.TestMethodWorker.run(TestMethodWorker.java:128)
java.base/java.util.ArrayList.forEach(ArrayList.java:1511)
org.testng.TestRunner.privateRun(TestRunner.java:829)
org.testng.TestRunner.run(TestRunner.java:602)
org.testng.SuiteRunner.runTest(SuiteRunner.java:437)
org.testng.SuiteRunner.runSequentially(SuiteRunner.java:431)
org.testng.SuiteRunner.privateRun(SuiteRunner.java:391)
org.testng.SuiteRunner.run(SuiteRunner.java:330)
org.testng.SuiteRunnerWorker.runSuite(SuiteRunnerWorker.java:52)
org.testng.SuiteRunnerWorker.run(SuiteRunnerWorker.java:95)
org.testng.TestNG.runSuitesSequentially(TestNG.java:1256)
org.testng.TestNG.runSuitesLocally(TestNG.java:1176)
org.testng.TestNG.runSuites(TestNG.java:1099)
org.testng.TestNG.run(TestNG.java:1067)
com.intellij.rt.testng.IDEARemoteTestNG.run(IDEARemoteTestNG.java:66)
com.intellij.rt.testng.RemoteTestNGStarter.main(RemoteTestNGStarter.java:109)
