[2023-02-28 01:08:11] [1] [WARN] Reporting disabled: using no op test run registrar
[2023-02-28 01:08:11] [1] [INFO] TEST [project-carina - testCreatePost] STARTED at [10:08:11 2023-02-28]
[2023-02-28 01:08:11] [1] [INFO] test
[2023-02-28 01:08:12] [1] [ERROR] TEST [project-carina - testCreatePost] FAILED at [10:08:12 2023-02-28] - Properties can't be found by path: api/posts/user.properties

com.qaprosoft.carina.core.foundation.api.AbstractApiMethodV2.loadProperties(AbstractApiMethodV2.java:242)
com.qaprosoft.carina.core.foundation.api.AbstractApiMethodV2.<init>(AbstractApiMethodV2.java:78)
com.solvd.carina.demo.api.PostPostsMethod.<init>(PostPostsMethod.java:20)
com.solvd.carina.demo.SolvdTaskTest.testCreatePost(SolvdTaskTest.java:66)
java.base/jdk.internal.reflect.DirectMethodHandleAccessor.invoke(DirectMethodHandleAccessor.java:104)
java.base/java.lang.reflect.Method.invoke(Method.java:578)
org.testng.internal.invokers.MethodInvocationHelper.invokeMethod(MethodInvocationHelper.java:139)
org.testng.internal.invokers.TestInvoker.invokeMethod(TestInvoker.java:677)
org.testng.internal.invokers.TestInvoker.invokeTestMethod(TestInvoker.java:221)
org.testng.internal.invokers.MethodRunner.runInSequence(MethodRunner.java:50)
org.testng.internal.invokers.TestInvoker$MethodInvocationAgent.invoke(TestInvoker.java:969)
org.testng.internal.invokers.TestInvoker.invokeTestMethods(TestInvoker.java:194)
org.testng.internal.invokers.TestMethodWorker.invokeTestMethods(TestMethodWorker.java:148)
org.testng.internal.invokers.TestMethodWorker.run(TestMethodWorker.java:128)
java.base/java.util.ArrayList.forEach(ArrayList.java:1511)
org.testng.TestRunner.privateRun(TestRunner.java:829)
org.testng.TestRunner.run(TestRunner.java:602)
org.testng.SuiteRunner.runTest(SuiteRunner.java:437)
org.testng.SuiteRunner.runSequentially(SuiteRunner.java:431)
org.testng.SuiteRunner.privateRun(SuiteRunner.java:391)
org.testng.SuiteRunner.run(SuiteRunner.java:330)
org.testng.SuiteRunnerWorker.runSuite(SuiteRunnerWorker.java:52)
org.testng.SuiteRunnerWorker.run(SuiteRunnerWorker.java:95)
org.testng.TestNG.runSuitesSequentially(TestNG.java:1256)
org.testng.TestNG.runSuitesLocally(TestNG.java:1176)
org.testng.TestNG.runSuites(TestNG.java:1099)
org.testng.TestNG.run(TestNG.java:1067)
com.intellij.rt.testng.IDEARemoteTestNG.run(IDEARemoteTestNG.java:66)
com.intellij.rt.testng.RemoteTestNGStarter.main(RemoteTestNGStarter.java:109)
